<?xml version="1.0" encoding="UTF-8"?>
<!-- Generated by org.testng.reporters.JUnitReportReporter -->
<testsuite name="seleniumCutPiece.extent.DataProvide" tests="3" time="42.885" ignored="0" failures="0" timestamp="27 Jan 2017 11:56:38 GMT" skipped="0" hostname="VAIO" errors="0">
  <testcase name="BeginDataFlow" time="18.632" classname="seleniumCutPiece.extent.DataProvide"/>
  <testcase name="BeginDataFlow" time="12.772" classname="seleniumCutPiece.extent.DataProvide"/>
  <testcase name="BeginDataFlow" time="11.481" classname="seleniumCutPiece.extent.DataProvide"/>
</testsuite> <!-- seleniumCutPiece.extent.DataProvide -->
